<?xml version="1.0" encoding="UTF-8"?>
<!-- Generated by org.testng.reporters.JUnitXMLReporter -->
<testsuite hostname="DESKTOP-2CQ29RC" ignored="0" name="Default test" tests="2" failures="0" timestamp="2021-11-17T11:27:02 IST" time="30.015" errors="0">
  <testcase name="signup" time="2.816" classname="AutomationPractice.PracticeCode.ExtentreportSelenium"/>
  <testcase name="Select" time="10.391" classname="AutomationPractice.PracticeCode.ExtentreportSelenium"/>
</testsuite> <!-- Default test -->
