<?xml version="1.0" encoding="UTF-8"?>
<testng-results skipped="0" failed="0" ignored="0" total="2" passed="2">
  <reporter-output>
  </reporter-output>
  <suite name="Suite" duration-ms="26044" started-at="2021-11-17T11:29:07 IST" finished-at="2021-11-17T11:29:33 IST">
    <groups>
    </groups>
    <test name="Test" duration-ms="26044" started-at="2021-11-17T11:29:07 IST" finished-at="2021-11-17T11:29:33 IST">
      <class name="AutomationPractice.PracticeCode.ExtentreportSelenium">
        <test-method status="PASS" signature="setup()[pri:0, instance:AutomationPractice.PracticeCode.ExtentreportSelenium@56aac163]" name="setup" is-config="true" duration-ms="9804" started-at="2021-11-17T11:29:07 IST" finished-at="2021-11-17T11:29:16 IST">
          <reporter-output>
          </reporter-output>
        </test-method> <!-- setup -->
        <test-method status="PASS" signature="signup()[pri:1, instance:AutomationPractice.PracticeCode.ExtentreportSelenium@56aac163]" name="signup" duration-ms="2220" started-at="2021-11-17T11:29:16 IST" finished-at="2021-11-17T11:29:19 IST">
          <reporter-output>
          </reporter-output>
        </test-method> <!-- signup -->
        <test-method status="PASS" signature="Select()[pri:2, instance:AutomationPractice.PracticeCode.ExtentreportSelenium@56aac163]" name="Select" duration-ms="10319" started-at="2021-11-17T11:29:19 IST" finished-at="2021-11-17T11:29:29 IST">
          <reporter-output>
          </reporter-output>
        </test-method> <!-- Select -->
        <test-method status="PASS" signature="teardown()[pri:0, instance:AutomationPractice.PracticeCode.ExtentreportSelenium@56aac163]" name="teardown" is-config="true" duration-ms="3637" started-at="2021-11-17T11:29:29 IST" finished-at="2021-11-17T11:29:33 IST">
          <reporter-output>
          </reporter-output>
        </test-method> <!-- teardown -->
      </class> <!-- AutomationPractice.PracticeCode.ExtentreportSelenium -->
    </test> <!-- Test -->
  </suite> <!-- Suite -->
</testng-results>
